[ INFO ] [main] [2017-03-07 15:07:34] com.gzh.youth.Application [48] - Starting Application on USER-20161109RI with PID 3540 (D:\workspace\youthApp\target\classes started by Administrator in D:\workspace\youthApp)
[ DEBUG] [main] [2017-03-07 15:07:34] com.gzh.youth.Application [51] - Running with Spring Boot v1.4.2.RELEASE, Spring v4.3.4.RELEASE
[ INFO ] [main] [2017-03-07 15:07:34] com.gzh.youth.Application [661] - No active profile set, falling back to default profiles: default
[ INFO ] [main] [2017-03-07 15:07:34] org.springframework.boot.context.embedded.AnnotationConfigEmbeddedWebApplicationContext [582] - Refreshing org.springframework.boot.context.embedded.AnnotationConfigEmbeddedWebApplicationContext@13133baf: startup date [Tue Mar 07 15:07:34 CST 2017]; root of context hierarchy
[ INFO ] [main] [2017-03-07 15:07:37] org.springframework.data.repository.config.RepositoryConfigurationDelegate [170] - Multiple Spring Data modules found, entering strict repository configuration mode!
[ INFO ] [main] [2017-03-07 15:07:37] org.springframework.data.repository.config.RepositoryConfigurationDelegate [170] - Multiple Spring Data modules found, entering strict repository configuration mode!
[ INFO ] [main] [2017-03-07 15:07:37] org.springframework.data.repository.config.RepositoryConfigurationExtensionSupport [283] - Spring Data Redis - Could not safely identify store assignment for repository candidate interface com.gzh.youth.repository.UserRepository.
[ INFO ] [main] [2017-03-07 15:07:38] org.springframework.context.support.PostProcessorRegistrationDelegate$BeanPostProcessorChecker [325] - Bean 'jpaConfiguration' of type [class com.gzh.youth.config.JpaConfiguration$$EnhancerBySpringCGLIB$$1d222bd3] is not eligible for getting processed by all BeanPostProcessors (for example: not eligible for auto-proxying)
[ INFO ] [main] [2017-03-07 15:07:38] org.springframework.context.support.PostProcessorRegistrationDelegate$BeanPostProcessorChecker [325] - Bean 'org.springframework.transaction.annotation.ProxyTransactionManagementConfiguration' of type [class org.springframework.transaction.annotation.ProxyTransactionManagementConfiguration$$EnhancerBySpringCGLIB$$7369a528] is not eligible for getting processed by all BeanPostProcessors (for example: not eligible for auto-proxying)
[ INFO ] [main] [2017-03-07 15:07:39] org.springframework.boot.context.embedded.tomcat.TomcatEmbeddedServletContainer [87] - Tomcat initialized with port(s): 8888 (http)
[ INFO ] [main] [2017-03-07 15:07:39] org.apache.catalina.core.StandardService [179] - Starting service Tomcat
[ INFO ] [main] [2017-03-07 15:07:39] org.apache.catalina.core.StandardEngine [179] - Starting Servlet Engine: Apache Tomcat/8.5.6
[ INFO ] [localhost-startStop-1] [2017-03-07 15:07:40] org.apache.catalina.core.ContainerBase.[Tomcat].[localhost].[/] [179] - Initializing Spring embedded WebApplicationContext
[ INFO ] [localhost-startStop-1] [2017-03-07 15:07:40] org.springframework.web.context.ContextLoader [276] - Root WebApplicationContext: initialization completed in 5157 ms
[ INFO ] [localhost-startStop-1] [2017-03-07 15:07:40] org.springframework.boot.web.servlet.ServletRegistrationBean [190] - Mapping servlet: 'dispatcherServlet' to [/]
[ INFO ] [localhost-startStop-1] [2017-03-07 15:07:40] org.springframework.boot.web.servlet.ServletRegistrationBean [190] - Mapping servlet: 'com.gzh.youth.druid.DruidStatViewServlet' to [/druid/*]
[ INFO ] [localhost-startStop-1] [2017-03-07 15:07:40] org.springframework.boot.web.servlet.ServletRegistrationBean [190] - Mapping servlet: 'com.gzh.youth.sys.MyServlet' to [/myservlet]
[ INFO ] [localhost-startStop-1] [2017-03-07 15:07:40] org.springframework.boot.web.servlet.FilterRegistrationBean [258] - Mapping filter: 'metricsFilter' to: [/*]
[ INFO ] [localhost-startStop-1] [2017-03-07 15:07:40] org.springframework.boot.web.servlet.FilterRegistrationBean [258] - Mapping filter: 'characterEncodingFilter' to: [/*]
[ INFO ] [localhost-startStop-1] [2017-03-07 15:07:40] org.springframework.boot.web.servlet.FilterRegistrationBean [258] - Mapping filter: 'hiddenHttpMethodFilter' to: [/*]
[ INFO ] [localhost-startStop-1] [2017-03-07 15:07:40] org.springframework.boot.web.servlet.FilterRegistrationBean [258] - Mapping filter: 'httpPutFormContentFilter' to: [/*]
[ INFO ] [localhost-startStop-1] [2017-03-07 15:07:40] org.springframework.boot.web.servlet.FilterRegistrationBean [258] - Mapping filter: 'requestContextFilter' to: [/*]
[ INFO ] [localhost-startStop-1] [2017-03-07 15:07:40] org.springframework.boot.web.servlet.FilterRegistrationBean [258] - Mapping filter: 'webRequestLoggingFilter' to: [/*]
[ INFO ] [localhost-startStop-1] [2017-03-07 15:07:40] org.springframework.boot.web.servlet.FilterRegistrationBean [271] - Mapping filter: 'druidWebStatFilter' to urls: [/*]
[ INFO ] [localhost-startStop-1] [2017-03-07 15:07:40] org.springframework.boot.web.servlet.FilterRegistrationBean [258] - Mapping filter: 'applicationContextIdFilter' to: [/*]
[ INFO ] [main] [2017-03-07 15:07:42] org.springframework.orm.jpa.LocalContainerEntityManagerFactoryBean [349] - Building JPA container EntityManagerFactory for persistence unit 'default'
[ INFO ] [main] [2017-03-07 15:07:42] org.hibernate.jpa.internal.util.LogHelper [31] - HHH000204: Processing PersistenceUnitInfo [
	name: default
	...]
[ INFO ] [main] [2017-03-07 15:07:42] org.hibernate.Version [37] - HHH000412: Hibernate Core {5.0.11.Final}
[ INFO ] [main] [2017-03-07 15:07:42] org.hibernate.cfg.Environment [213] - HHH000206: hibernate.properties not found
[ INFO ] [main] [2017-03-07 15:07:42] org.hibernate.cfg.Environment [317] - HHH000021: Bytecode provider name : javassist
[ INFO ] [main] [2017-03-07 15:07:42] org.hibernate.annotations.common.Version [66] - HCANN000001: Hibernate Commons Annotations {5.0.1.Final}
[ INFO ] [main] [2017-03-07 15:07:42] com.alibaba.druid.pool.DruidDataSource [722] - {dataSource-1} inited
[ INFO ] [main] [2017-03-07 15:07:43] org.hibernate.dialect.Dialect [156] - HHH000400: Using dialect: org.hibernate.dialect.MySQLDialect
[ INFO ] [main] [2017-03-07 15:07:43] org.hibernate.tool.hbm2ddl.SchemaUpdate [105] - HHH000228: Running hbm2ddl schema update
[ INFO ] [main] [2017-03-07 15:07:44] org.springframework.orm.jpa.LocalContainerEntityManagerFactoryBean [382] - Initialized JPA EntityManagerFactory for persistence unit 'default'
[ INFO ] [main] [2017-03-07 15:07:44] org.hibernate.hql.internal.QueryTranslatorFactoryInitiator [47] - HHH000397: Using ASTQueryTranslatorFactory
[ INFO ] [main] [2017-03-07 15:07:45] org.springframework.web.servlet.mvc.method.annotation.RequestMappingHandlerAdapter [534] - Looking for @ControllerAdvice: org.springframework.boot.context.embedded.AnnotationConfigEmbeddedWebApplicationContext@13133baf: startup date [Tue Mar 07 15:07:34 CST 2017]; root of context hierarchy
[ INFO ] [main] [2017-03-07 15:07:45] org.springframework.web.servlet.mvc.method.annotation.RequestMappingHandlerMapping [543] - Mapped "{[/login]}" onto public com.gzh.youth.model.Value com.gzh.youth.web.LoginController.getUserPage(java.lang.String,java.lang.String,javax.servlet.http.HttpServletRequest)
[ INFO ] [main] [2017-03-07 15:07:45] org.springframework.web.servlet.mvc.method.annotation.RequestMappingHandlerMapping [543] - Mapped "{[/]}" onto java.lang.String com.gzh.youth.web.TestController.home()
[ INFO ] [main] [2017-03-07 15:07:45] org.springframework.web.servlet.mvc.method.annotation.RequestMappingHandlerMapping [543] - Mapped "{[/addUser]}" onto java.lang.String com.gzh.youth.web.TestController.addUser()
[ INFO ] [main] [2017-03-07 15:07:45] org.springframework.web.servlet.mvc.method.annotation.RequestMappingHandlerMapping [543] - Mapped "{[/userPage]}" onto public java.lang.Object com.gzh.youth.web.TestController.getUserPage()
[ INFO ] [main] [2017-03-07 15:07:45] org.springframework.web.servlet.mvc.method.annotation.RequestMappingHandlerMapping [543] - Mapped "{[/testRedisSet]}" onto public java.lang.String com.gzh.youth.web.TestController.testRedis()
[ INFO ] [main] [2017-03-07 15:07:45] org.springframework.web.servlet.mvc.method.annotation.RequestMappingHandlerMapping [543] - Mapped "{[/testSql]}" onto public com.gzh.youth.entity.User com.gzh.youth.web.TestController.sql()
[ INFO ] [main] [2017-03-07 15:07:45] org.springframework.web.servlet.mvc.method.annotation.RequestMappingHandlerMapping [543] - Mapped "{[/testError]}" onto public java.lang.String com.gzh.youth.web.TestController.testError() throws com.gzh.youth.exception.MyException
[ INFO ] [main] [2017-03-07 15:07:45] org.springframework.web.servlet.mvc.method.annotation.RequestMappingHandlerMapping [543] - Mapped "{[/testError2]}" onto public java.lang.String com.gzh.youth.web.TestController.testError2() throws java.lang.Exception
[ INFO ] [main] [2017-03-07 15:07:45] org.springframework.web.servlet.mvc.method.annotation.RequestMappingHandlerMapping [543] - Mapped "{[/error]}" onto public org.springframework.http.ResponseEntity<java.util.Map<java.lang.String, java.lang.Object>> org.springframework.boot.autoconfigure.web.BasicErrorController.error(javax.servlet.http.HttpServletRequest)
[ INFO ] [main] [2017-03-07 15:07:45] org.springframework.web.servlet.mvc.method.annotation.RequestMappingHandlerMapping [543] - Mapped "{[/error],produces=[text/html]}" onto public org.springframework.web.servlet.ModelAndView org.springframework.boot.autoconfigure.web.BasicErrorController.errorHtml(javax.servlet.http.HttpServletRequest,javax.servlet.http.HttpServletResponse)
[ INFO ] [main] [2017-03-07 15:07:45] org.springframework.web.servlet.handler.SimpleUrlHandlerMapping [354] - Mapped URL path [/webjars/**] onto handler of type [class org.springframework.web.servlet.resource.ResourceHttpRequestHandler]
[ INFO ] [main] [2017-03-07 15:07:45] org.springframework.web.servlet.handler.SimpleUrlHandlerMapping [354] - Mapped URL path [/**] onto handler of type [class org.springframework.web.servlet.resource.ResourceHttpRequestHandler]
[ INFO ] [main] [2017-03-07 15:07:45] org.springframework.web.servlet.handler.SimpleUrlHandlerMapping [354] - Mapped URL path [/**] onto handler of type [class org.springframework.web.servlet.resource.DefaultServletHttpRequestHandler]
[ INFO ] [main] [2017-03-07 15:07:45] org.springframework.web.servlet.mvc.method.annotation.ExceptionHandlerExceptionResolver [271] - Detected @ExceptionHandler methods in globalExceptionHandler
[ INFO ] [main] [2017-03-07 15:07:45] org.springframework.web.servlet.handler.SimpleUrlHandlerMapping [354] - Mapped URL path [/**/favicon.ico] onto handler of type [class org.springframework.web.servlet.resource.ResourceHttpRequestHandler]
[ INFO ] [main] [2017-03-07 15:07:46] org.springframework.boot.actuate.endpoint.mvc.EndpointHandlerMapping [543] - Mapped "{[/autoconfig || /autoconfig.json],methods=[GET],produces=[application/json]}" onto public java.lang.Object org.springframework.boot.actuate.endpoint.mvc.EndpointMvcAdapter.invoke()
[ INFO ] [main] [2017-03-07 15:07:46] org.springframework.boot.actuate.endpoint.mvc.EndpointHandlerMapping [543] - Mapped "{[/heapdump || /heapdump.json],methods=[GET],produces=[application/octet-stream]}" onto public void org.springframework.boot.actuate.endpoint.mvc.HeapdumpMvcEndpoint.invoke(boolean,javax.servlet.http.HttpServletRequest,javax.servlet.http.HttpServletResponse) throws java.io.IOException,javax.servlet.ServletException
[ INFO ] [main] [2017-03-07 15:07:46] org.springframework.boot.actuate.endpoint.mvc.EndpointHandlerMapping [543] - Mapped "{[/beans || /beans.json],methods=[GET],produces=[application/json]}" onto public java.lang.Object org.springframework.boot.actuate.endpoint.mvc.EndpointMvcAdapter.invoke()
[ INFO ] [main] [2017-03-07 15:07:46] org.springframework.boot.actuate.endpoint.mvc.EndpointHandlerMapping [543] - Mapped "{[/env/{name:.*}],methods=[GET],produces=[application/json]}" onto public java.lang.Object org.springframework.boot.actuate.endpoint.mvc.EnvironmentMvcEndpoint.value(java.lang.String)
[ INFO ] [main] [2017-03-07 15:07:46] org.springframework.boot.actuate.endpoint.mvc.EndpointHandlerMapping [543] - Mapped "{[/env || /env.json],methods=[GET],produces=[application/json]}" onto public java.lang.Object org.springframework.boot.actuate.endpoint.mvc.EndpointMvcAdapter.invoke()
[ INFO ] [main] [2017-03-07 15:07:46] org.springframework.boot.actuate.endpoint.mvc.EndpointHandlerMapping [543] - Mapped "{[/mappings || /mappings.json],methods=[GET],produces=[application/json]}" onto public java.lang.Object org.springframework.boot.actuate.endpoint.mvc.EndpointMvcAdapter.invoke()
[ INFO ] [main] [2017-03-07 15:07:46] org.springframework.boot.actuate.endpoint.mvc.EndpointHandlerMapping [543] - Mapped "{[/health || /health.json],produces=[application/json]}" onto public java.lang.Object org.springframework.boot.actuate.endpoint.mvc.HealthMvcEndpoint.invoke(java.security.Principal)
[ INFO ] [main] [2017-03-07 15:07:46] org.springframework.boot.actuate.endpoint.mvc.EndpointHandlerMapping [543] - Mapped "{[/metrics/{name:.*}],methods=[GET],produces=[application/json]}" onto public java.lang.Object org.springframework.boot.actuate.endpoint.mvc.MetricsMvcEndpoint.value(java.lang.String)
[ INFO ] [main] [2017-03-07 15:07:46] org.springframework.boot.actuate.endpoint.mvc.EndpointHandlerMapping [543] - Mapped "{[/metrics || /metrics.json],methods=[GET],produces=[application/json]}" onto public java.lang.Object org.springframework.boot.actuate.endpoint.mvc.EndpointMvcAdapter.invoke()
[ INFO ] [main] [2017-03-07 15:07:46] org.springframework.boot.actuate.endpoint.mvc.EndpointHandlerMapping [543] - Mapped "{[/info || /info.json],methods=[GET],produces=[application/json]}" onto public java.lang.Object org.springframework.boot.actuate.endpoint.mvc.EndpointMvcAdapter.invoke()
[ INFO ] [main] [2017-03-07 15:07:46] org.springframework.boot.actuate.endpoint.mvc.EndpointHandlerMapping [543] - Mapped "{[/dump || /dump.json],methods=[GET],produces=[application/json]}" onto public java.lang.Object org.springframework.boot.actuate.endpoint.mvc.EndpointMvcAdapter.invoke()
[ INFO ] [main] [2017-03-07 15:07:46] org.springframework.boot.actuate.endpoint.mvc.EndpointHandlerMapping [543] - Mapped "{[/trace || /trace.json],methods=[GET],produces=[application/json]}" onto public java.lang.Object org.springframework.boot.actuate.endpoint.mvc.EndpointMvcAdapter.invoke()
[ INFO ] [main] [2017-03-07 15:07:46] org.springframework.boot.actuate.endpoint.mvc.EndpointHandlerMapping [543] - Mapped "{[/configprops || /configprops.json],methods=[GET],produces=[application/json]}" onto public java.lang.Object org.springframework.boot.actuate.endpoint.mvc.EndpointMvcAdapter.invoke()
[ WARN ] [main] [2017-03-07 15:07:47] org.springframework.boot.starter.redis.RedisStarterDeprecationWarningAutoConfiguration [43] - spring-boot-starter-redis is deprecated as of Spring Boot 1.4, please migrate to spring-boot-starter-data-redis
[ INFO ] [main] [2017-03-07 15:07:47] org.springframework.jmx.export.annotation.AnnotationMBeanExporter [431] - Registering beans for JMX exposure on startup
[ INFO ] [main] [2017-03-07 15:07:47] org.springframework.jmx.export.annotation.AnnotationMBeanExporter [912] - Bean with name 'dataSource' has been autodetected for JMX exposure
[ INFO ] [main] [2017-03-07 15:07:47] org.springframework.jmx.export.annotation.AnnotationMBeanExporter [667] - Located MBean 'dataSource': registering with JMX server as MBean [com.alibaba.druid.pool:name=dataSource,type=DruidDataSource]
[ INFO ] [main] [2017-03-07 15:07:47] org.springframework.context.support.DefaultLifecycleProcessor [341] - Starting beans in phase 0
[ INFO ] [main] [2017-03-07 15:07:47] org.springframework.boot.context.embedded.tomcat.TomcatEmbeddedServletContainer [185] - Tomcat started on port(s): 8888 (http)
[ INFO ] [main] [2017-03-07 15:07:47] com.gzh.youth.Application [57] - Started Application in 14.243 seconds (JVM running for 15.448)
[ INFO ] [http-nio-8888-exec-1] [2017-03-07 15:07:53] org.apache.tomcat.util.http.parser.Cookie [179] - A cookie header was received [1488522556,1488764388,1488848990] that contained an invalid cookie. That cookie will be ignored.Note: further occurrences of this error will be logged at DEBUG level.
[ INFO ] [http-nio-8888-exec-1] [2017-03-07 15:07:53] org.apache.catalina.core.ContainerBase.[Tomcat].[localhost].[/] [179] - Initializing Spring FrameworkServlet 'dispatcherServlet'
[ INFO ] [http-nio-8888-exec-1] [2017-03-07 15:07:53] org.springframework.web.servlet.DispatcherServlet [489] - FrameworkServlet 'dispatcherServlet': initialization started
[ INFO ] [http-nio-8888-exec-1] [2017-03-07 15:07:53] org.springframework.web.servlet.DispatcherServlet [508] - FrameworkServlet 'dispatcherServlet': initialization completed in 35 ms
[ INFO ] [http-nio-8888-exec-2] [2017-03-07 15:08:18] com.gzh.youth.sys.aop.WebLogAspect [46] - WebLogAspect.doBefore()
[ INFO ] [http-nio-8888-exec-2] [2017-03-07 15:08:18] com.gzh.youth.sys.aop.WebLogAspect [52] - URL : http://localhost:9001/login
[ INFO ] [http-nio-8888-exec-2] [2017-03-07 15:08:18] com.gzh.youth.sys.aop.WebLogAspect [53] - HTTP_METHOD : POST
[ INFO ] [http-nio-8888-exec-2] [2017-03-07 15:08:18] com.gzh.youth.sys.aop.WebLogAspect [54] - IP : 192.168.1.12
[ INFO ] [http-nio-8888-exec-2] [2017-03-07 15:08:18] com.gzh.youth.sys.aop.WebLogAspect [55] - CLASS_METHOD : com.gzh.youth.web.LoginController.getUserPage
[ INFO ] [http-nio-8888-exec-2] [2017-03-07 15:08:18] com.gzh.youth.sys.aop.WebLogAspect [56] - ARGS : [123, 123, org.apache.catalina.connector.RequestFacade@3ba3466f]
[ INFO ] [http-nio-8888-exec-2] [2017-03-07 15:08:18] com.gzh.youth.sys.aop.WebLogAspect [68] - WebLogAspect.doAfterReturning()
[ INFO ] [http-nio-8888-exec-2] [2017-03-07 15:08:18] com.gzh.youth.sys.aop.WebLogAspect [69] - 耗时（毫秒） : 78
[ INFO ] [http-nio-8888-exec-3] [2017-03-07 15:08:18] com.gzh.youth.sys.aop.WebLogAspect [46] - WebLogAspect.doBefore()
[ INFO ] [http-nio-8888-exec-3] [2017-03-07 15:08:18] com.gzh.youth.sys.aop.WebLogAspect [52] - URL : http://localhost:9001/testSql
[ INFO ] [http-nio-8888-exec-3] [2017-03-07 15:08:18] com.gzh.youth.sys.aop.WebLogAspect [53] - HTTP_METHOD : POST
[ INFO ] [http-nio-8888-exec-3] [2017-03-07 15:08:18] com.gzh.youth.sys.aop.WebLogAspect [54] - IP : 192.168.1.12
[ INFO ] [http-nio-8888-exec-3] [2017-03-07 15:08:18] com.gzh.youth.sys.aop.WebLogAspect [55] - CLASS_METHOD : com.gzh.youth.web.TestController.sql
[ INFO ] [http-nio-8888-exec-3] [2017-03-07 15:08:18] com.gzh.youth.sys.aop.WebLogAspect [56] - ARGS : []
[ INFO ] [http-nio-8888-exec-3] [2017-03-07 15:08:18] com.gzh.youth.sys.aop.WebLogAspect [68] - WebLogAspect.doAfterReturning()
[ INFO ] [http-nio-8888-exec-3] [2017-03-07 15:08:18] com.gzh.youth.sys.aop.WebLogAspect [69] - 耗时（毫秒） : 97
