2017-03-08 10:30:58.872  INFO 5284 --- [main] com.gzh.youth.Application                : Starting Application on USER-20161109RI with PID 5284 (D:\workspace\youthApp\target\classes started by Administrator in D:\workspace\youthApp)
2017-03-08 10:30:58.879 DEBUG 5284 --- [main] com.gzh.youth.Application                : Running with Spring Boot v1.4.2.RELEASE, Spring v4.3.4.RELEASE
2017-03-08 10:30:58.879  INFO 5284 --- [main] com.gzh.youth.Application                : The following profiles are active: dev
2017-03-08 10:30:58.929  INFO 5284 --- [main] ationConfigEmbeddedWebApplicationContext : Refreshing org.springframework.boot.context.embedded.AnnotationConfigEmbeddedWebApplicationContext@1ce21add: startup date [Wed Mar 08 10:30:58 CST 2017]; root of context hierarchy
2017-03-08 10:31:00.219  INFO 5284 --- [main] .s.d.r.c.RepositoryConfigurationDelegate : Multiple Spring Data modules found, entering strict repository configuration mode!
2017-03-08 10:31:00.460  INFO 5284 --- [main] .s.d.r.c.RepositoryConfigurationDelegate : Multiple Spring Data modules found, entering strict repository configuration mode!
2017-03-08 10:31:00.484  INFO 5284 --- [main] .RepositoryConfigurationExtensionSupport : Spring Data Redis - Could not safely identify store assignment for repository candidate interface com.gzh.youth.repository.UserRepository.
2017-03-08 10:31:00.772  INFO 5284 --- [main] trationDelegate$BeanPostProcessorChecker : Bean 'jpaConfiguration' of type [class com.gzh.youth.config.JpaConfiguration$$EnhancerBySpringCGLIB$$d96f8f76] is not eligible for getting processed by all BeanPostProcessors (for example: not eligible for auto-proxying)
2017-03-08 10:31:00.884  INFO 5284 --- [main] trationDelegate$BeanPostProcessorChecker : Bean 'org.springframework.transaction.annotation.ProxyTransactionManagementConfiguration' of type [class org.springframework.transaction.annotation.ProxyTransactionManagementConfiguration$$EnhancerBySpringCGLIB$$2fb708cb] is not eligible for getting processed by all BeanPostProcessors (for example: not eligible for auto-proxying)
2017-03-08 10:31:01.386  INFO 5284 --- [main] s.b.c.e.t.TomcatEmbeddedServletContainer : Tomcat initialized with port(s): 8888 (http)
2017-03-08 10:31:01.398  INFO 5284 --- [main] o.apache.catalina.core.StandardService   : Starting service Tomcat
2017-03-08 10:31:01.399  INFO 5284 --- [main] org.apache.catalina.core.StandardEngine  : Starting Servlet Engine: Apache Tomcat/8.5.6
2017-03-08 10:31:01.473  INFO 5284 --- [localhost-startStop-1] o.a.c.c.C.[Tomcat].[localhost].[/]       : Initializing Spring embedded WebApplicationContext
2017-03-08 10:31:01.473  INFO 5284 --- [localhost-startStop-1] o.s.web.context.ContextLoader            : Root WebApplicationContext: initialization completed in 2544 ms
2017-03-08 10:31:01.844  INFO 5284 --- [localhost-startStop-1] o.s.b.w.servlet.ServletRegistrationBean  : Mapping servlet: 'dispatcherServlet' to [/]
2017-03-08 10:31:01.845  INFO 5284 --- [localhost-startStop-1] o.s.b.w.servlet.ServletRegistrationBean  : Mapping servlet: 'com.gzh.youth.druid.DruidStatViewServlet' to [/druid/*]
2017-03-08 10:31:01.846  INFO 5284 --- [localhost-startStop-1] o.s.b.w.servlet.ServletRegistrationBean  : Mapping servlet: 'com.gzh.youth.sys.MyServlet' to [/myservlet]
2017-03-08 10:31:01.849  INFO 5284 --- [localhost-startStop-1] o.s.b.w.servlet.FilterRegistrationBean   : Mapping filter: 'metricsFilter' to: [/*]
2017-03-08 10:31:01.850  INFO 5284 --- [localhost-startStop-1] o.s.b.w.servlet.FilterRegistrationBean   : Mapping filter: 'characterEncodingFilter' to: [/*]
2017-03-08 10:31:01.850  INFO 5284 --- [localhost-startStop-1] o.s.b.w.servlet.FilterRegistrationBean   : Mapping filter: 'hiddenHttpMethodFilter' to: [/*]
2017-03-08 10:31:01.850  INFO 5284 --- [localhost-startStop-1] o.s.b.w.servlet.FilterRegistrationBean   : Mapping filter: 'httpPutFormContentFilter' to: [/*]
2017-03-08 10:31:01.851  INFO 5284 --- [localhost-startStop-1] o.s.b.w.servlet.FilterRegistrationBean   : Mapping filter: 'requestContextFilter' to: [/*]
2017-03-08 10:31:01.851  INFO 5284 --- [localhost-startStop-1] o.s.b.w.servlet.FilterRegistrationBean   : Mapping filter: 'webRequestLoggingFilter' to: [/*]
2017-03-08 10:31:01.851  INFO 5284 --- [localhost-startStop-1] o.s.b.w.servlet.FilterRegistrationBean   : Mapping filter: 'druidWebStatFilter' to urls: [/*]
2017-03-08 10:31:01.851  INFO 5284 --- [localhost-startStop-1] o.s.b.w.servlet.FilterRegistrationBean   : Mapping filter: 'applicationContextIdFilter' to: [/*]
2017-03-08 10:31:02.084  INFO 5284 --- [main] j.LocalContainerEntityManagerFactoryBean : Building JPA container EntityManagerFactory for persistence unit 'default'
2017-03-08 10:31:02.099  INFO 5284 --- [main] o.hibernate.jpa.internal.util.LogHelper  : HHH000204: Processing PersistenceUnitInfo [
	name: default
	...]
2017-03-08 10:31:02.154  INFO 5284 --- [main] org.hibernate.Version                    : HHH000412: Hibernate Core {5.0.11.Final}
2017-03-08 10:31:02.155  INFO 5284 --- [main] org.hibernate.cfg.Environment            : HHH000206: hibernate.properties not found
2017-03-08 10:31:02.157  INFO 5284 --- [main] org.hibernate.cfg.Environment            : HHH000021: Bytecode provider name : javassist
2017-03-08 10:31:02.189  INFO 5284 --- [main] o.hibernate.annotations.common.Version   : HCANN000001: Hibernate Commons Annotations {5.0.1.Final}
2017-03-08 10:31:02.298  INFO 5284 --- [main] com.alibaba.druid.pool.DruidDataSource   : {dataSource-1} inited
2017-03-08 10:31:02.611  INFO 5284 --- [main] org.hibernate.dialect.Dialect            : HHH000400: Using dialect: org.hibernate.dialect.MySQLDialect
2017-03-08 10:31:02.929  INFO 5284 --- [main] org.hibernate.tool.hbm2ddl.SchemaUpdate  : HHH000228: Running hbm2ddl schema update
2017-03-08 10:31:03.319  INFO 5284 --- [main] j.LocalContainerEntityManagerFactoryBean : Initialized JPA EntityManagerFactory for persistence unit 'default'
2017-03-08 10:31:03.747  INFO 5284 --- [main] o.h.h.i.QueryTranslatorFactoryInitiator  : HHH000397: Using ASTQueryTranslatorFactory
2017-03-08 10:31:04.541  INFO 5284 --- [main] s.w.s.m.m.a.RequestMappingHandlerAdapter : Looking for @ControllerAdvice: org.springframework.boot.context.embedded.AnnotationConfigEmbeddedWebApplicationContext@1ce21add: startup date [Wed Mar 08 10:30:58 CST 2017]; root of context hierarchy
2017-03-08 10:31:04.616  INFO 5284 --- [main] s.w.s.m.m.a.RequestMappingHandlerMapping : Mapped "{[/login]}" onto public com.gzh.youth.model.Value com.gzh.youth.web.LoginController.getUserPage(java.lang.String,java.lang.String,javax.servlet.http.HttpServletRequest)
2017-03-08 10:31:04.619  INFO 5284 --- [main] s.w.s.m.m.a.RequestMappingHandlerMapping : Mapped "{[/]}" onto java.lang.String com.gzh.youth.web.TestController.home()
2017-03-08 10:31:04.619  INFO 5284 --- [main] s.w.s.m.m.a.RequestMappingHandlerMapping : Mapped "{[/addUser]}" onto java.lang.String com.gzh.youth.web.TestController.addUser()
2017-03-08 10:31:04.620  INFO 5284 --- [main] s.w.s.m.m.a.RequestMappingHandlerMapping : Mapped "{[/userPage]}" onto public java.lang.Object com.gzh.youth.web.TestController.getUserPage()
2017-03-08 10:31:04.620  INFO 5284 --- [main] s.w.s.m.m.a.RequestMappingHandlerMapping : Mapped "{[/testRedisSet]}" onto public java.lang.String com.gzh.youth.web.TestController.testRedis()
2017-03-08 10:31:04.621  INFO 5284 --- [main] s.w.s.m.m.a.RequestMappingHandlerMapping : Mapped "{[/testSql]}" onto public com.gzh.youth.entity.User com.gzh.youth.web.TestController.sql()
2017-03-08 10:31:04.621  INFO 5284 --- [main] s.w.s.m.m.a.RequestMappingHandlerMapping : Mapped "{[/testError]}" onto public java.lang.String com.gzh.youth.web.TestController.testError() throws com.gzh.youth.exception.MyException
2017-03-08 10:31:04.621  INFO 5284 --- [main] s.w.s.m.m.a.RequestMappingHandlerMapping : Mapped "{[/testError2]}" onto public java.lang.String com.gzh.youth.web.TestController.testError2() throws java.lang.Exception
2017-03-08 10:31:04.624  INFO 5284 --- [main] s.w.s.m.m.a.RequestMappingHandlerMapping : Mapped "{[/error]}" onto public org.springframework.http.ResponseEntity<java.util.Map<java.lang.String, java.lang.Object>> org.springframework.boot.autoconfigure.web.BasicErrorController.error(javax.servlet.http.HttpServletRequest)
2017-03-08 10:31:04.624  INFO 5284 --- [main] s.w.s.m.m.a.RequestMappingHandlerMapping : Mapped "{[/error],produces=[text/html]}" onto public org.springframework.web.servlet.ModelAndView org.springframework.boot.autoconfigure.web.BasicErrorController.errorHtml(javax.servlet.http.HttpServletRequest,javax.servlet.http.HttpServletResponse)
2017-03-08 10:31:04.679  INFO 5284 --- [main] o.s.w.s.handler.SimpleUrlHandlerMapping  : Mapped URL path [/webjars/**] onto handler of type [class org.springframework.web.servlet.resource.ResourceHttpRequestHandler]
2017-03-08 10:31:04.679  INFO 5284 --- [main] o.s.w.s.handler.SimpleUrlHandlerMapping  : Mapped URL path [/**] onto handler of type [class org.springframework.web.servlet.resource.ResourceHttpRequestHandler]
2017-03-08 10:31:04.686  INFO 5284 --- [main] o.s.w.s.handler.SimpleUrlHandlerMapping  : Mapped URL path [/**] onto handler of type [class org.springframework.web.servlet.resource.DefaultServletHttpRequestHandler]
2017-03-08 10:31:04.706  INFO 5284 --- [main] .m.m.a.ExceptionHandlerExceptionResolver : Detected @ExceptionHandler methods in globalExceptionHandler
2017-03-08 10:31:04.734  INFO 5284 --- [main] o.s.w.s.handler.SimpleUrlHandlerMapping  : Mapped URL path [/**/favicon.ico] onto handler of type [class org.springframework.web.servlet.resource.ResourceHttpRequestHandler]
2017-03-08 10:31:05.266  INFO 5284 --- [main] o.s.b.a.e.mvc.EndpointHandlerMapping     : Mapped "{[/autoconfig || /autoconfig.json],methods=[GET],produces=[application/json]}" onto public java.lang.Object org.springframework.boot.actuate.endpoint.mvc.EndpointMvcAdapter.invoke()
2017-03-08 10:31:05.268  INFO 5284 --- [main] o.s.b.a.e.mvc.EndpointHandlerMapping     : Mapped "{[/trace || /trace.json],methods=[GET],produces=[application/json]}" onto public java.lang.Object org.springframework.boot.actuate.endpoint.mvc.EndpointMvcAdapter.invoke()
2017-03-08 10:31:05.270  INFO 5284 --- [main] o.s.b.a.e.mvc.EndpointHandlerMapping     : Mapped "{[/dump || /dump.json],methods=[GET],produces=[application/json]}" onto public java.lang.Object org.springframework.boot.actuate.endpoint.mvc.EndpointMvcAdapter.invoke()
2017-03-08 10:31:05.272  INFO 5284 --- [main] o.s.b.a.e.mvc.EndpointHandlerMapping     : Mapped "{[/configprops || /configprops.json],methods=[GET],produces=[application/json]}" onto public java.lang.Object org.springframework.boot.actuate.endpoint.mvc.EndpointMvcAdapter.invoke()
2017-03-08 10:31:05.273  INFO 5284 --- [main] o.s.b.a.e.mvc.EndpointHandlerMapping     : Mapped "{[/health || /health.json],produces=[application/json]}" onto public java.lang.Object org.springframework.boot.actuate.endpoint.mvc.HealthMvcEndpoint.invoke(java.security.Principal)
2017-03-08 10:31:05.274  INFO 5284 --- [main] o.s.b.a.e.mvc.EndpointHandlerMapping     : Mapped "{[/mappings || /mappings.json],methods=[GET],produces=[application/json]}" onto public java.lang.Object org.springframework.boot.actuate.endpoint.mvc.EndpointMvcAdapter.invoke()
2017-03-08 10:31:05.275  INFO 5284 --- [main] o.s.b.a.e.mvc.EndpointHandlerMapping     : Mapped "{[/metrics/{name:.*}],methods=[GET],produces=[application/json]}" onto public java.lang.Object org.springframework.boot.actuate.endpoint.mvc.MetricsMvcEndpoint.value(java.lang.String)
2017-03-08 10:31:05.275  INFO 5284 --- [main] o.s.b.a.e.mvc.EndpointHandlerMapping     : Mapped "{[/metrics || /metrics.json],methods=[GET],produces=[application/json]}" onto public java.lang.Object org.springframework.boot.actuate.endpoint.mvc.EndpointMvcAdapter.invoke()
2017-03-08 10:31:05.276  INFO 5284 --- [main] o.s.b.a.e.mvc.EndpointHandlerMapping     : Mapped "{[/logfile || /logfile.json],methods=[GET || HEAD]}" onto public void org.springframework.boot.actuate.endpoint.mvc.LogFileMvcEndpoint.invoke(javax.servlet.http.HttpServletRequest,javax.servlet.http.HttpServletResponse) throws javax.servlet.ServletException,java.io.IOException
2017-03-08 10:31:05.277  INFO 5284 --- [main] o.s.b.a.e.mvc.EndpointHandlerMapping     : Mapped "{[/heapdump || /heapdump.json],methods=[GET],produces=[application/octet-stream]}" onto public void org.springframework.boot.actuate.endpoint.mvc.HeapdumpMvcEndpoint.invoke(boolean,javax.servlet.http.HttpServletRequest,javax.servlet.http.HttpServletResponse) throws java.io.IOException,javax.servlet.ServletException
2017-03-08 10:31:05.278  INFO 5284 --- [main] o.s.b.a.e.mvc.EndpointHandlerMapping     : Mapped "{[/beans || /beans.json],methods=[GET],produces=[application/json]}" onto public java.lang.Object org.springframework.boot.actuate.endpoint.mvc.EndpointMvcAdapter.invoke()
2017-03-08 10:31:05.281  INFO 5284 --- [main] o.s.b.a.e.mvc.EndpointHandlerMapping     : Mapped "{[/env/{name:.*}],methods=[GET],produces=[application/json]}" onto public java.lang.Object org.springframework.boot.actuate.endpoint.mvc.EnvironmentMvcEndpoint.value(java.lang.String)
2017-03-08 10:31:05.282  INFO 5284 --- [main] o.s.b.a.e.mvc.EndpointHandlerMapping     : Mapped "{[/env || /env.json],methods=[GET],produces=[application/json]}" onto public java.lang.Object org.springframework.boot.actuate.endpoint.mvc.EndpointMvcAdapter.invoke()
2017-03-08 10:31:05.283  INFO 5284 --- [main] o.s.b.a.e.mvc.EndpointHandlerMapping     : Mapped "{[/info || /info.json],methods=[GET],produces=[application/json]}" onto public java.lang.Object org.springframework.boot.actuate.endpoint.mvc.EndpointMvcAdapter.invoke()
2017-03-08 10:31:05.537  WARN 5284 --- [main] arterDeprecationWarningAutoConfiguration : spring-boot-starter-redis is deprecated as of Spring Boot 1.4, please migrate to spring-boot-starter-data-redis
2017-03-08 10:31:05.621  INFO 5284 --- [main] o.s.j.e.a.AnnotationMBeanExporter        : Registering beans for JMX exposure on startup
2017-03-08 10:31:05.623  INFO 5284 --- [main] o.s.j.e.a.AnnotationMBeanExporter        : Bean with name 'dataSource' has been autodetected for JMX exposure
2017-03-08 10:31:05.628  INFO 5284 --- [main] o.s.j.e.a.AnnotationMBeanExporter        : Located MBean 'dataSource': registering with JMX server as MBean [com.alibaba.druid.pool:name=dataSource,type=DruidDataSource]
2017-03-08 10:31:05.632  INFO 5284 --- [main] o.s.c.support.DefaultLifecycleProcessor  : Starting beans in phase 0
2017-03-08 10:31:05.740 ERROR 5284 --- [main] o.a.coyote.http11.Http11NioProtocol      : Failed to start end point associated with ProtocolHandler [http-nio-8888]

java.net.BindException: Address already in use: bind
	at sun.nio.ch.Net.bind0(Native Method)
	at sun.nio.ch.Net.bind(Net.java:344)
	at sun.nio.ch.Net.bind(Net.java:336)
	at sun.nio.ch.ServerSocketChannelImpl.bind(ServerSocketChannelImpl.java:199)
	at sun.nio.ch.ServerSocketAdaptor.bind(ServerSocketAdaptor.java:74)
	at org.apache.tomcat.util.net.NioEndpoint.bind(NioEndpoint.java:228)
	at org.apache.tomcat.util.net.AbstractEndpoint.start(AbstractEndpoint.java:874)
	at org.apache.coyote.AbstractProtocol.start(AbstractProtocol.java:590)
	at org.apache.catalina.connector.Connector.startInternal(Connector.java:969)
	at org.apache.catalina.util.LifecycleBase.start(LifecycleBase.java:150)
	at org.apache.catalina.core.StandardService.addConnector(StandardService.java:225)
	at org.springframework.boot.context.embedded.tomcat.TomcatEmbeddedServletContainer.addPreviouslyRemovedConnectors(TomcatEmbeddedServletContainer.java:233)
	at org.springframework.boot.context.embedded.tomcat.TomcatEmbeddedServletContainer.start(TomcatEmbeddedServletContainer.java:178)
	at org.springframework.boot.context.embedded.EmbeddedWebApplicationContext.startEmbeddedServletContainer(EmbeddedWebApplicationContext.java:297)
	at org.springframework.boot.context.embedded.EmbeddedWebApplicationContext.finishRefresh(EmbeddedWebApplicationContext.java:145)
	at org.springframework.context.support.AbstractApplicationContext.refresh(AbstractApplicationContext.java:545)
	at org.springframework.boot.context.embedded.EmbeddedWebApplicationContext.refresh(EmbeddedWebApplicationContext.java:122)
	at org.springframework.boot.SpringApplication.refresh(SpringApplication.java:761)
	at org.springframework.boot.SpringApplication.refreshContext(SpringApplication.java:371)
	at org.springframework.boot.SpringApplication.run(SpringApplication.java:315)
	at com.gzh.youth.Application.main(Application.java:18)

2017-03-08 10:31:05.741 ERROR 5284 --- [main] o.apache.catalina.core.StandardService   : Failed to start connector [Connector[HTTP/1.1-8888]]

org.apache.catalina.LifecycleException: Failed to start component [Connector[HTTP/1.1-8888]]
	at org.apache.catalina.util.LifecycleBase.start(LifecycleBase.java:167)
	at org.apache.catalina.core.StandardService.addConnector(StandardService.java:225)
	at org.springframework.boot.context.embedded.tomcat.TomcatEmbeddedServletContainer.addPreviouslyRemovedConnectors(TomcatEmbeddedServletContainer.java:233)
	at org.springframework.boot.context.embedded.tomcat.TomcatEmbeddedServletContainer.start(TomcatEmbeddedServletContainer.java:178)
	at org.springframework.boot.context.embedded.EmbeddedWebApplicationContext.startEmbeddedServletContainer(EmbeddedWebApplicationContext.java:297)
	at org.springframework.boot.context.embedded.EmbeddedWebApplicationContext.finishRefresh(EmbeddedWebApplicationContext.java:145)
	at org.springframework.context.support.AbstractApplicationContext.refresh(AbstractApplicationContext.java:545)
	at org.springframework.boot.context.embedded.EmbeddedWebApplicationContext.refresh(EmbeddedWebApplicationContext.java:122)
	at org.springframework.boot.SpringApplication.refresh(SpringApplication.java:761)
	at org.springframework.boot.SpringApplication.refreshContext(SpringApplication.java:371)
	at org.springframework.boot.SpringApplication.run(SpringApplication.java:315)
	at com.gzh.youth.Application.main(Application.java:18)
Caused by: org.apache.catalina.LifecycleException: service.getName(): "Tomcat";  Protocol handler start failed
	at org.apache.catalina.connector.Connector.startInternal(Connector.java:976)
	at org.apache.catalina.util.LifecycleBase.start(LifecycleBase.java:150)
	... 11 common frames omitted
Caused by: java.net.BindException: Address already in use: bind
	at sun.nio.ch.Net.bind0(Native Method)
	at sun.nio.ch.Net.bind(Net.java:344)
	at sun.nio.ch.Net.bind(Net.java:336)
	at sun.nio.ch.ServerSocketChannelImpl.bind(ServerSocketChannelImpl.java:199)
	at sun.nio.ch.ServerSocketAdaptor.bind(ServerSocketAdaptor.java:74)
	at org.apache.tomcat.util.net.NioEndpoint.bind(NioEndpoint.java:228)
	at org.apache.tomcat.util.net.AbstractEndpoint.start(AbstractEndpoint.java:874)
	at org.apache.coyote.AbstractProtocol.start(AbstractProtocol.java:590)
	at org.apache.catalina.connector.Connector.startInternal(Connector.java:969)
	... 12 common frames omitted

2017-03-08 10:31:05.747  INFO 5284 --- [main] o.apache.catalina.core.StandardService   : Stopping service Tomcat
2017-03-08 10:31:05.785  INFO 5284 --- [main] utoConfigurationReportLoggingInitializer : 

Error starting ApplicationContext. To display the auto-configuration report re-run your application with 'debug' enabled.
2017-03-08 10:31:05.789 ERROR 5284 --- [main] o.s.b.d.LoggingFailureAnalysisReporter   : 

***************************
APPLICATION FAILED TO START
***************************

Description:

The Tomcat connector configured to listen on port 8888 failed to start. The port may already be in use or the connector may be misconfigured.

Action:

Verify the connector's configuration, identify and stop any process that's listening on port 8888, or configure this application to listen on another port.

2017-03-08 10:31:05.805  INFO 5284 --- [main] ationConfigEmbeddedWebApplicationContext : Closing org.springframework.boot.context.embedded.AnnotationConfigEmbeddedWebApplicationContext@1ce21add: startup date [Wed Mar 08 10:30:58 CST 2017]; root of context hierarchy
2017-03-08 10:31:05.807  INFO 5284 --- [main] o.s.c.support.DefaultLifecycleProcessor  : Stopping beans in phase 0
2017-03-08 10:31:05.823  INFO 5284 --- [main] o.s.j.e.a.AnnotationMBeanExporter        : Unregistering JMX-exposed beans on shutdown
2017-03-08 10:31:05.824  INFO 5284 --- [main] o.s.j.e.a.AnnotationMBeanExporter        : Unregistering JMX-exposed beans
2017-03-08 10:31:05.826  INFO 5284 --- [main] j.LocalContainerEntityManagerFactoryBean : Closing JPA EntityManagerFactory for persistence unit 'default'
2017-03-08 10:31:05.832  INFO 5284 --- [main] com.alibaba.druid.pool.DruidDataSource   : {dataSource-1} closed
2017-03-08 10:31:22.135  INFO 7884 --- [main] com.gzh.youth.Application                : Starting Application on USER-20161109RI with PID 7884 (D:\workspace\youthApp\target\classes started by Administrator in D:\workspace\youthApp)
2017-03-08 10:31:22.140 DEBUG 7884 --- [main] com.gzh.youth.Application                : Running with Spring Boot v1.4.2.RELEASE, Spring v4.3.4.RELEASE
2017-03-08 10:31:22.140  INFO 7884 --- [main] com.gzh.youth.Application                : The following profiles are active: dev
2017-03-08 10:31:22.182  INFO 7884 --- [main] ationConfigEmbeddedWebApplicationContext : Refreshing org.springframework.boot.context.embedded.AnnotationConfigEmbeddedWebApplicationContext@7099c91f: startup date [Wed Mar 08 10:31:22 CST 2017]; root of context hierarchy
2017-03-08 10:31:23.523  INFO 7884 --- [main] .s.d.r.c.RepositoryConfigurationDelegate : Multiple Spring Data modules found, entering strict repository configuration mode!
2017-03-08 10:31:23.783  INFO 7884 --- [main] .s.d.r.c.RepositoryConfigurationDelegate : Multiple Spring Data modules found, entering strict repository configuration mode!
2017-03-08 10:31:23.805  INFO 7884 --- [main] .RepositoryConfigurationExtensionSupport : Spring Data Redis - Could not safely identify store assignment for repository candidate interface com.gzh.youth.repository.UserRepository.
2017-03-08 10:31:24.095  INFO 7884 --- [main] trationDelegate$BeanPostProcessorChecker : Bean 'jpaConfiguration' of type [class com.gzh.youth.config.JpaConfiguration$$EnhancerBySpringCGLIB$$367078a8] is not eligible for getting processed by all BeanPostProcessors (for example: not eligible for auto-proxying)
2017-03-08 10:31:24.208  INFO 7884 --- [main] trationDelegate$BeanPostProcessorChecker : Bean 'org.springframework.transaction.annotation.ProxyTransactionManagementConfiguration' of type [class org.springframework.transaction.annotation.ProxyTransactionManagementConfiguration$$EnhancerBySpringCGLIB$$8cb7f1fd] is not eligible for getting processed by all BeanPostProcessors (for example: not eligible for auto-proxying)
2017-03-08 10:31:24.761  INFO 7884 --- [main] s.b.c.e.t.TomcatEmbeddedServletContainer : Tomcat initialized with port(s): 8888 (http)
2017-03-08 10:31:24.771  INFO 7884 --- [main] o.apache.catalina.core.StandardService   : Starting service Tomcat
2017-03-08 10:31:24.772  INFO 7884 --- [main] org.apache.catalina.core.StandardEngine  : Starting Servlet Engine: Apache Tomcat/8.5.6
2017-03-08 10:31:24.855  INFO 7884 --- [localhost-startStop-1] o.a.c.c.C.[Tomcat].[localhost].[/]       : Initializing Spring embedded WebApplicationContext
2017-03-08 10:31:24.855  INFO 7884 --- [localhost-startStop-1] o.s.web.context.ContextLoader            : Root WebApplicationContext: initialization completed in 2673 ms
2017-03-08 10:31:25.215  INFO 7884 --- [localhost-startStop-1] o.s.b.w.servlet.ServletRegistrationBean  : Mapping servlet: 'dispatcherServlet' to [/]
2017-03-08 10:31:25.216  INFO 7884 --- [localhost-startStop-1] o.s.b.w.servlet.ServletRegistrationBean  : Mapping servlet: 'com.gzh.youth.druid.DruidStatViewServlet' to [/druid/*]
2017-03-08 10:31:25.217  INFO 7884 --- [localhost-startStop-1] o.s.b.w.servlet.ServletRegistrationBean  : Mapping servlet: 'com.gzh.youth.sys.MyServlet' to [/myservlet]
2017-03-08 10:31:25.219  INFO 7884 --- [localhost-startStop-1] o.s.b.w.servlet.FilterRegistrationBean   : Mapping filter: 'metricsFilter' to: [/*]
2017-03-08 10:31:25.220  INFO 7884 --- [localhost-startStop-1] o.s.b.w.servlet.FilterRegistrationBean   : Mapping filter: 'characterEncodingFilter' to: [/*]
2017-03-08 10:31:25.220  INFO 7884 --- [localhost-startStop-1] o.s.b.w.servlet.FilterRegistrationBean   : Mapping filter: 'hiddenHttpMethodFilter' to: [/*]
2017-03-08 10:31:25.220  INFO 7884 --- [localhost-startStop-1] o.s.b.w.servlet.FilterRegistrationBean   : Mapping filter: 'httpPutFormContentFilter' to: [/*]
2017-03-08 10:31:25.221  INFO 7884 --- [localhost-startStop-1] o.s.b.w.servlet.FilterRegistrationBean   : Mapping filter: 'requestContextFilter' to: [/*]
2017-03-08 10:31:25.221  INFO 7884 --- [localhost-startStop-1] o.s.b.w.servlet.FilterRegistrationBean   : Mapping filter: 'webRequestLoggingFilter' to: [/*]
2017-03-08 10:31:25.221  INFO 7884 --- [localhost-startStop-1] o.s.b.w.servlet.FilterRegistrationBean   : Mapping filter: 'druidWebStatFilter' to urls: [/*]
2017-03-08 10:31:25.221  INFO 7884 --- [localhost-startStop-1] o.s.b.w.servlet.FilterRegistrationBean   : Mapping filter: 'applicationContextIdFilter' to: [/*]
2017-03-08 10:31:25.485  INFO 7884 --- [main] j.LocalContainerEntityManagerFactoryBean : Building JPA container EntityManagerFactory for persistence unit 'default'
2017-03-08 10:31:25.502  INFO 7884 --- [main] o.hibernate.jpa.internal.util.LogHelper  : HHH000204: Processing PersistenceUnitInfo [
	name: default
	...]
2017-03-08 10:31:25.557  INFO 7884 --- [main] org.hibernate.Version                    : HHH000412: Hibernate Core {5.0.11.Final}
2017-03-08 10:31:25.558  INFO 7884 --- [main] org.hibernate.cfg.Environment            : HHH000206: hibernate.properties not found
2017-03-08 10:31:25.560  INFO 7884 --- [main] org.hibernate.cfg.Environment            : HHH000021: Bytecode provider name : javassist
2017-03-08 10:31:25.593  INFO 7884 --- [main] o.hibernate.annotations.common.Version   : HCANN000001: Hibernate Commons Annotations {5.0.1.Final}
2017-03-08 10:31:25.716  INFO 7884 --- [main] com.alibaba.druid.pool.DruidDataSource   : {dataSource-1} inited
2017-03-08 10:31:25.943  INFO 7884 --- [main] org.hibernate.dialect.Dialect            : HHH000400: Using dialect: org.hibernate.dialect.MySQLDialect
2017-03-08 10:31:26.227  INFO 7884 --- [main] org.hibernate.tool.hbm2ddl.SchemaUpdate  : HHH000228: Running hbm2ddl schema update
2017-03-08 10:31:26.603  INFO 7884 --- [main] j.LocalContainerEntityManagerFactoryBean : Initialized JPA EntityManagerFactory for persistence unit 'default'
2017-03-08 10:31:26.970  INFO 7884 --- [main] o.h.h.i.QueryTranslatorFactoryInitiator  : HHH000397: Using ASTQueryTranslatorFactory
2017-03-08 10:31:27.670  INFO 7884 --- [main] s.w.s.m.m.a.RequestMappingHandlerAdapter : Looking for @ControllerAdvice: org.springframework.boot.context.embedded.AnnotationConfigEmbeddedWebApplicationContext@7099c91f: startup date [Wed Mar 08 10:31:22 CST 2017]; root of context hierarchy
2017-03-08 10:31:27.744  INFO 7884 --- [main] s.w.s.m.m.a.RequestMappingHandlerMapping : Mapped "{[/login]}" onto public com.gzh.youth.model.Value com.gzh.youth.web.LoginController.getUserPage(java.lang.String,java.lang.String,javax.servlet.http.HttpServletRequest)
2017-03-08 10:31:27.747  INFO 7884 --- [main] s.w.s.m.m.a.RequestMappingHandlerMapping : Mapped "{[/]}" onto java.lang.String com.gzh.youth.web.TestController.home()
2017-03-08 10:31:27.747  INFO 7884 --- [main] s.w.s.m.m.a.RequestMappingHandlerMapping : Mapped "{[/addUser]}" onto java.lang.String com.gzh.youth.web.TestController.addUser()
2017-03-08 10:31:27.747  INFO 7884 --- [main] s.w.s.m.m.a.RequestMappingHandlerMapping : Mapped "{[/userPage]}" onto public java.lang.Object com.gzh.youth.web.TestController.getUserPage()
2017-03-08 10:31:27.748  INFO 7884 --- [main] s.w.s.m.m.a.RequestMappingHandlerMapping : Mapped "{[/testRedisSet]}" onto public java.lang.String com.gzh.youth.web.TestController.testRedis()
2017-03-08 10:31:27.748  INFO 7884 --- [main] s.w.s.m.m.a.RequestMappingHandlerMapping : Mapped "{[/testSql]}" onto public com.gzh.youth.entity.User com.gzh.youth.web.TestController.sql()
2017-03-08 10:31:27.748  INFO 7884 --- [main] s.w.s.m.m.a.RequestMappingHandlerMapping : Mapped "{[/testError]}" onto public java.lang.String com.gzh.youth.web.TestController.testError() throws com.gzh.youth.exception.MyException
2017-03-08 10:31:27.749  INFO 7884 --- [main] s.w.s.m.m.a.RequestMappingHandlerMapping : Mapped "{[/testError2]}" onto public java.lang.String com.gzh.youth.web.TestController.testError2() throws java.lang.Exception
2017-03-08 10:31:27.751  INFO 7884 --- [main] s.w.s.m.m.a.RequestMappingHandlerMapping : Mapped "{[/error]}" onto public org.springframework.http.ResponseEntity<java.util.Map<java.lang.String, java.lang.Object>> org.springframework.boot.autoconfigure.web.BasicErrorController.error(javax.servlet.http.HttpServletRequest)
2017-03-08 10:31:27.752  INFO 7884 --- [main] s.w.s.m.m.a.RequestMappingHandlerMapping : Mapped "{[/error],produces=[text/html]}" onto public org.springframework.web.servlet.ModelAndView org.springframework.boot.autoconfigure.web.BasicErrorController.errorHtml(javax.servlet.http.HttpServletRequest,javax.servlet.http.HttpServletResponse)
2017-03-08 10:31:27.808  INFO 7884 --- [main] o.s.w.s.handler.SimpleUrlHandlerMapping  : Mapped URL path [/webjars/**] onto handler of type [class org.springframework.web.servlet.resource.ResourceHttpRequestHandler]
2017-03-08 10:31:27.809  INFO 7884 --- [main] o.s.w.s.handler.SimpleUrlHandlerMapping  : Mapped URL path [/**] onto handler of type [class org.springframework.web.servlet.resource.ResourceHttpRequestHandler]
2017-03-08 10:31:27.815  INFO 7884 --- [main] o.s.w.s.handler.SimpleUrlHandlerMapping  : Mapped URL path [/**] onto handler of type [class org.springframework.web.servlet.resource.DefaultServletHttpRequestHandler]
2017-03-08 10:31:27.837  INFO 7884 --- [main] .m.m.a.ExceptionHandlerExceptionResolver : Detected @ExceptionHandler methods in globalExceptionHandler
2017-03-08 10:31:27.863  INFO 7884 --- [main] o.s.w.s.handler.SimpleUrlHandlerMapping  : Mapped URL path [/**/favicon.ico] onto handler of type [class org.springframework.web.servlet.resource.ResourceHttpRequestHandler]
2017-03-08 10:31:28.372  INFO 7884 --- [main] o.s.b.a.e.mvc.EndpointHandlerMapping     : Mapped "{[/health || /health.json],produces=[application/json]}" onto public java.lang.Object org.springframework.boot.actuate.endpoint.mvc.HealthMvcEndpoint.invoke(java.security.Principal)
2017-03-08 10:31:28.375  INFO 7884 --- [main] o.s.b.a.e.mvc.EndpointHandlerMapping     : Mapped "{[/info || /info.json],methods=[GET],produces=[application/json]}" onto public java.lang.Object org.springframework.boot.actuate.endpoint.mvc.EndpointMvcAdapter.invoke()
2017-03-08 10:31:28.376  INFO 7884 --- [main] o.s.b.a.e.mvc.EndpointHandlerMapping     : Mapped "{[/metrics/{name:.*}],methods=[GET],produces=[application/json]}" onto public java.lang.Object org.springframework.boot.actuate.endpoint.mvc.MetricsMvcEndpoint.value(java.lang.String)
2017-03-08 10:31:28.377  INFO 7884 --- [main] o.s.b.a.e.mvc.EndpointHandlerMapping     : Mapped "{[/metrics || /metrics.json],methods=[GET],produces=[application/json]}" onto public java.lang.Object org.springframework.boot.actuate.endpoint.mvc.EndpointMvcAdapter.invoke()
2017-03-08 10:31:28.379  INFO 7884 --- [main] o.s.b.a.e.mvc.EndpointHandlerMapping     : Mapped "{[/mappings || /mappings.json],methods=[GET],produces=[application/json]}" onto public java.lang.Object org.springframework.boot.actuate.endpoint.mvc.EndpointMvcAdapter.invoke()
2017-03-08 10:31:28.380  INFO 7884 --- [main] o.s.b.a.e.mvc.EndpointHandlerMapping     : Mapped "{[/heapdump || /heapdump.json],methods=[GET],produces=[application/octet-stream]}" onto public void org.springframework.boot.actuate.endpoint.mvc.HeapdumpMvcEndpoint.invoke(boolean,javax.servlet.http.HttpServletRequest,javax.servlet.http.HttpServletResponse) throws java.io.IOException,javax.servlet.ServletException
2017-03-08 10:31:28.381  INFO 7884 --- [main] o.s.b.a.e.mvc.EndpointHandlerMapping     : Mapped "{[/configprops || /configprops.json],methods=[GET],produces=[application/json]}" onto public java.lang.Object org.springframework.boot.actuate.endpoint.mvc.EndpointMvcAdapter.invoke()
2017-03-08 10:31:28.381  INFO 7884 --- [main] o.s.b.a.e.mvc.EndpointHandlerMapping     : Mapped "{[/trace || /trace.json],methods=[GET],produces=[application/json]}" onto public java.lang.Object org.springframework.boot.actuate.endpoint.mvc.EndpointMvcAdapter.invoke()
2017-03-08 10:31:28.383  INFO 7884 --- [main] o.s.b.a.e.mvc.EndpointHandlerMapping     : Mapped "{[/env/{name:.*}],methods=[GET],produces=[application/json]}" onto public java.lang.Object org.springframework.boot.actuate.endpoint.mvc.EnvironmentMvcEndpoint.value(java.lang.String)
2017-03-08 10:31:28.383  INFO 7884 --- [main] o.s.b.a.e.mvc.EndpointHandlerMapping     : Mapped "{[/env || /env.json],methods=[GET],produces=[application/json]}" onto public java.lang.Object org.springframework.boot.actuate.endpoint.mvc.EndpointMvcAdapter.invoke()
2017-03-08 10:31:28.386  INFO 7884 --- [main] o.s.b.a.e.mvc.EndpointHandlerMapping     : Mapped "{[/beans || /beans.json],methods=[GET],produces=[application/json]}" onto public java.lang.Object org.springframework.boot.actuate.endpoint.mvc.EndpointMvcAdapter.invoke()
2017-03-08 10:31:28.387  INFO 7884 --- [main] o.s.b.a.e.mvc.EndpointHandlerMapping     : Mapped "{[/logfile || /logfile.json],methods=[GET || HEAD]}" onto public void org.springframework.boot.actuate.endpoint.mvc.LogFileMvcEndpoint.invoke(javax.servlet.http.HttpServletRequest,javax.servlet.http.HttpServletResponse) throws javax.servlet.ServletException,java.io.IOException
2017-03-08 10:31:28.389  INFO 7884 --- [main] o.s.b.a.e.mvc.EndpointHandlerMapping     : Mapped "{[/dump || /dump.json],methods=[GET],produces=[application/json]}" onto public java.lang.Object org.springframework.boot.actuate.endpoint.mvc.EndpointMvcAdapter.invoke()
2017-03-08 10:31:28.390  INFO 7884 --- [main] o.s.b.a.e.mvc.EndpointHandlerMapping     : Mapped "{[/autoconfig || /autoconfig.json],methods=[GET],produces=[application/json]}" onto public java.lang.Object org.springframework.boot.actuate.endpoint.mvc.EndpointMvcAdapter.invoke()
2017-03-08 10:31:28.601  WARN 7884 --- [main] arterDeprecationWarningAutoConfiguration : spring-boot-starter-redis is deprecated as of Spring Boot 1.4, please migrate to spring-boot-starter-data-redis
2017-03-08 10:31:28.675  INFO 7884 --- [main] o.s.j.e.a.AnnotationMBeanExporter        : Registering beans for JMX exposure on startup
2017-03-08 10:31:28.677  INFO 7884 --- [main] o.s.j.e.a.AnnotationMBeanExporter        : Bean with name 'dataSource' has been autodetected for JMX exposure
2017-03-08 10:31:28.683  INFO 7884 --- [main] o.s.j.e.a.AnnotationMBeanExporter        : Located MBean 'dataSource': registering with JMX server as MBean [com.alibaba.druid.pool:name=dataSource,type=DruidDataSource]
2017-03-08 10:31:28.688  INFO 7884 --- [main] o.s.c.support.DefaultLifecycleProcessor  : Starting beans in phase 0
2017-03-08 10:31:28.800  INFO 7884 --- [main] s.b.c.e.t.TomcatEmbeddedServletContainer : Tomcat started on port(s): 8888 (http)
2017-03-08 10:31:28.806  INFO 7884 --- [main] com.gzh.youth.Application                : Started Application in 7.041 seconds (JVM running for 7.409)
